Content-Type: multipart/alternative;
 boundary="===============5639615293309562488=="
MIME-Version: 1.0
Subject: Profile activation
From: test@example.com
To: techgeek2050@gmail.com
Date: Tue, 21 Jul 2020 12:19:18 -0000
Message-ID: <159533395860.9536.11136447060140679647@LAPTOP-M79RDHCC>

--===============5639615293309562488==
Content-Type: text/plain; charset="utf-8"
MIME-Version: 1.0
Content-Transfer-Encoding: 7bit



To activate your profile, please follow this link:

http://localhost:8000/accounts/activate/n9vgAqcHRHSD6SFu9eIa/

--===============5639615293309562488==
Content-Type: text/html; charset="utf-8"
MIME-Version: 1.0
Content-Transfer-Encoding: 7bit



<!DOCTYPE html PUBLIC "-//W3C//DTD XHTML 1.0 Transitional//EN"
        "http://www.w3.org/TR/xhtml1/DTD/xhtml1-transitional.dtd">
<html xmlns="http://www.w3.org/1999/xhtml">
<head>
    <meta http-equiv="Content-Type" content="text/html; charset=UTF-8"/>
    <title>Profile activation</title>
    <meta name="viewport" content="width=device-width, initial-scale=1.0"/>
</head>

<body>

<p>
    To activate your profile, please follow this link:
</p>

<p>
    <a href="http://localhost:8000/accounts/activate/n9vgAqcHRHSD6SFu9eIa/">http://localhost:8000/accounts/activate/n9vgAqcHRHSD6SFu9eIa/</a>
</p>

</body>

</html>

--===============5639615293309562488==--

-------------------------------------------------------------------------------
